[Mon, 09 Apr 18 00:55:14 +0700][ERROR] [2]: EditController handler class cannot be loaded

[Mon, 09 Apr 18 00:57:33 +0700][ERROR] [2]: EditController handler class cannot be loaded

[Mon, 09 Apr 18 00:57:39 +0700][ERROR] [2]: EditController handler class cannot be loaded

[Mon, 09 Apr 18 00:57:59 +0700][ERROR] [2]: EditController handler class cannot be loaded

[Mon, 09 Apr 18 00:58:31 +0700][ERROR] [2]: EditController handler class cannot be loaded

[Mon, 09 Apr 18 01:13:01 +0700][ERROR] [2]: ImgController handler class cannot be loaded

[Mon, 09 Apr 18 01:13:26 +0700][ERROR] [2]: ImgController handler class cannot be loaded

[Mon, 09 Apr 18 01:13:28 +0700][ERROR] [2]: ImgController handler class cannot be loaded

[Mon, 09 Apr 18 01:34:23 +0700][ERROR] [2]: VendorController handler class cannot be loaded

[Mon, 09 Apr 18 01:34:41 +0700][ERROR] [2]: VendorController handler class cannot be loaded

[Mon, 09 Apr 18 01:37:47 +0700][ERROR] [2]: VendorController handler class cannot be loaded

[Mon, 09 Apr 18 01:37:47 +0700][ERROR] [2]: VendorController handler class cannot be loaded

[Mon, 09 Apr 18 01:38:03 +0700][ERROR] [2]: VendorController handler class cannot be loaded

[Mon, 09 Apr 18 01:38:57 +0700][ERROR] [2]: JsController handler class cannot be loaded

[Mon, 09 Apr 18 01:38:57 +0700][ERROR] [2]: JsController handler class cannot be loaded

[Mon, 09 Apr 18 01:42:14 +0700][ERROR] [2]: VendorController handler class cannot be loaded

[Mon, 09 Apr 18 01:42:14 +0700][ERROR] [2]: VendorController handler class cannot be loaded

[Mon, 09 Apr 18 01:42:15 +0700][ERROR] [2]: VendorController handler class cannot be loaded

[Mon, 09 Apr 18 01:42:15 +0700][ERROR] [2]: VendorController handler class cannot be loaded

[Mon, 09 Apr 18 01:42:17 +0700][ERROR] [2]: VendorController handler class cannot be loaded

[Mon, 09 Apr 18 01:42:17 +0700][ERROR] [2]: VendorController handler class cannot be loaded

[Mon, 09 Apr 18 13:05:41 +0700][ERROR] [2]: CssController handler class cannot be loaded

[Mon, 09 Apr 18 13:05:42 +0700][ERROR] [2]: JsController handler class cannot be loaded

[Mon, 09 Apr 18 13:05:42 +0700][ERROR] [2]: CssController handler class cannot be loaded

[Mon, 09 Apr 18 13:06:27 +0700][ERROR] [2]: CssController handler class cannot be loaded

[Mon, 09 Apr 18 13:06:27 +0700][ERROR] [2]: JsController handler class cannot be loaded

[Mon, 09 Apr 18 13:06:27 +0700][ERROR] [2]: CssController handler class cannot be loaded

[Mon, 09 Apr 18 13:32:12 +0700][ERROR] [5]: Action 'authen' was not found on handler 'event'

[Mon, 09 Apr 18 13:32:13 +0700][ERROR] [5]: Action 'authen' was not found on handler 'event'

[Mon, 09 Apr 18 13:32:19 +0700][ERROR] [2]: CssController handler class cannot be loaded

[Mon, 09 Apr 18 13:32:19 +0700][ERROR] [2]: JsController handler class cannot be loaded

[Mon, 09 Apr 18 13:32:19 +0700][ERROR] [2]: CssController handler class cannot be loaded

[Mon, 09 Apr 18 13:35:28 +0700][ERROR] [2]: CssController handler class cannot be loaded

[Mon, 09 Apr 18 13:35:28 +0700][ERROR] [2]: JsController handler class cannot be loaded

[Mon, 09 Apr 18 13:35:28 +0700][ERROR] [2]: CssController handler class cannot be loaded

[Mon, 09 Apr 18 13:41:16 +0700][ERROR] [2]: VendorController handler class cannot be loaded

[Mon, 09 Apr 18 13:41:16 +0700][ERROR] [2]: VendorController handler class cannot be loaded

[Mon, 09 Apr 18 13:41:16 +0700][ERROR] [2]: VendorController handler class cannot be loaded

[Mon, 09 Apr 18 13:41:16 +0700][ERROR] [2]: VendorController handler class cannot be loaded

[Mon, 09 Apr 18 13:41:16 +0700][ERROR] [2]: VendorController handler class cannot be loaded

[Mon, 09 Apr 18 13:41:16 +0700][ERROR] [2]: VendorController handler class cannot be loaded

[Mon, 09 Apr 18 13:41:16 +0700][ERROR] [2]: VendorController handler class cannot be loaded

[Mon, 09 Apr 18 13:41:16 +0700][ERROR] [2]: VendorController handler class cannot be loaded

[Mon, 09 Apr 18 13:41:16 +0700][ERROR] [2]: VendorController handler class cannot be loaded

[Mon, 09 Apr 18 13:41:16 +0700][ERROR] [2]: VendorController handler class cannot be loaded

[Mon, 09 Apr 18 13:41:16 +0700][ERROR] [2]: FontsController handler class cannot be loaded

[Mon, 09 Apr 18 13:41:16 +0700][ERROR] [2]: VendorController handler class cannot be loaded

[Mon, 09 Apr 18 13:41:16 +0700][ERROR] [2]: VendorController handler class cannot be loaded

[Mon, 09 Apr 18 13:41:16 +0700][ERROR] [2]: VendorController handler class cannot be loaded

[Mon, 09 Apr 18 13:43:47 +0700][ERROR] [2]: VendorController handler class cannot be loaded

[Mon, 09 Apr 18 13:43:47 +0700][ERROR] [2]: FontsController handler class cannot be loaded

[Mon, 09 Apr 18 13:43:47 +0700][ERROR] [2]: VendorController handler class cannot be loaded

[Mon, 09 Apr 18 13:43:47 +0700][ERROR] [2]: VendorController handler class cannot be loaded

[Mon, 09 Apr 18 13:43:47 +0700][ERROR] [2]: VendorController handler class cannot be loaded

[Mon, 09 Apr 18 13:43:47 +0700][ERROR] [2]: VendorController handler class cannot be loaded

[Mon, 09 Apr 18 13:43:47 +0700][ERROR] [2]: VendorController handler class cannot be loaded

[Mon, 09 Apr 18 13:43:47 +0700][ERROR] [2]: VendorController handler class cannot be loaded

[Mon, 09 Apr 18 13:43:47 +0700][ERROR] [2]: VendorController handler class cannot be loaded

[Mon, 09 Apr 18 13:43:49 +0700][ERROR] [2]: VendorController handler class cannot be loaded

[Mon, 09 Apr 18 13:43:49 +0700][ERROR] [2]: VendorController handler class cannot be loaded

[Mon, 09 Apr 18 13:43:49 +0700][ERROR] [2]: VendorController handler class cannot be loaded

[Mon, 09 Apr 18 13:43:49 +0700][ERROR] [2]: VendorController handler class cannot be loaded

[Mon, 09 Apr 18 13:43:49 +0700][ERROR] [2]: VendorController handler class cannot be loaded

[Mon, 09 Apr 18 13:43:49 +0700][ERROR] [2]: VendorController handler class cannot be loaded

[Mon, 09 Apr 18 13:43:49 +0700][ERROR] [2]: VendorController handler class cannot be loaded

[Mon, 09 Apr 18 13:43:49 +0700][ERROR] [2]: VendorController handler class cannot be loaded

[Mon, 09 Apr 18 13:43:49 +0700][ERROR] [2]: VendorController handler class cannot be loaded

[Mon, 09 Apr 18 13:43:49 +0700][ERROR] [2]: VendorController handler class cannot be loaded

[Mon, 09 Apr 18 13:43:49 +0700][ERROR] [2]: VendorController handler class cannot be loaded

[Mon, 09 Apr 18 13:43:56 +0700][ERROR] [2]: CssController handler class cannot be loaded

[Mon, 09 Apr 18 13:43:56 +0700][ERROR] [2]: JsController handler class cannot be loaded

[Mon, 09 Apr 18 13:43:56 +0700][ERROR] [2]: CssController handler class cannot be loaded

[Mon, 09 Apr 18 13:46:53 +0700][ERROR] [2]: CssController handler class cannot be loaded

[Mon, 09 Apr 18 13:46:54 +0700][ERROR] [2]: CssController handler class cannot be loaded

[Mon, 09 Apr 18 13:46:54 +0700][ERROR] [2]: FontsController handler class cannot be loaded

[Mon, 09 Apr 18 13:47:10 +0700][ERROR] [2]: VendorController handler class cannot be loaded

[Mon, 09 Apr 18 13:47:10 +0700][ERROR] [2]: VendorController handler class cannot be loaded

[Mon, 09 Apr 18 13:47:10 +0700][ERROR] [2]: VendorController handler class cannot be loaded

[Mon, 09 Apr 18 13:47:10 +0700][ERROR] [2]: VendorController handler class cannot be loaded

[Mon, 09 Apr 18 13:47:10 +0700][ERROR] [2]: VendorController handler class cannot be loaded

[Mon, 09 Apr 18 13:47:10 +0700][ERROR] [2]: VendorController handler class cannot be loaded

[Mon, 09 Apr 18 13:47:10 +0700][ERROR] [2]: FontsController handler class cannot be loaded

[Mon, 09 Apr 18 13:47:57 +0700][ERROR] [2]: VendorController handler class cannot be loaded

[Mon, 09 Apr 18 13:47:57 +0700][ERROR] [2]: VendorController handler class cannot be loaded

[Mon, 09 Apr 18 13:47:57 +0700][ERROR] [2]: VendorController handler class cannot be loaded

[Mon, 09 Apr 18 13:47:57 +0700][ERROR] [2]: VendorController handler class cannot be loaded

[Mon, 09 Apr 18 13:47:57 +0700][ERROR] [2]: FontsController handler class cannot be loaded

[Mon, 09 Apr 18 13:47:57 +0700][ERROR] [2]: FontsController handler class cannot be loaded

[Mon, 09 Apr 18 13:48:04 +0700][ERROR] [2]: CssController handler class cannot be loaded

[Mon, 09 Apr 18 13:48:04 +0700][ERROR] [2]: CssController handler class cannot be loaded

[Mon, 09 Apr 18 13:48:04 +0700][ERROR] [2]: FontsController handler class cannot be loaded

[Mon, 09 Apr 18 13:48:43 +0700][ERROR] [2]: CssController handler class cannot be loaded

[Mon, 09 Apr 18 13:48:43 +0700][ERROR] [2]: CssController handler class cannot be loaded

[Mon, 09 Apr 18 13:48:43 +0700][ERROR] [2]: FontsController handler class cannot be loaded

[Mon, 09 Apr 18 13:50:24 +0700][ERROR] [2]: CssController handler class cannot be loaded

[Mon, 09 Apr 18 13:50:24 +0700][ERROR] [2]: CssController handler class cannot be loaded

[Mon, 09 Apr 18 13:50:24 +0700][ERROR] [2]: FontsController handler class cannot be loaded

[Mon, 09 Apr 18 13:50:54 +0700][ERROR] [2]: CssController handler class cannot be loaded

[Mon, 09 Apr 18 13:50:54 +0700][ERROR] [2]: JsController handler class cannot be loaded

[Mon, 09 Apr 18 13:50:54 +0700][ERROR] [2]: JsController handler class cannot be loaded

[Mon, 09 Apr 18 13:50:54 +0700][ERROR] [2]: FontsController handler class cannot be loaded

[Mon, 09 Apr 18 13:54:43 +0700][ERROR] [2]: CssController handler class cannot be loaded

[Mon, 09 Apr 18 13:54:43 +0700][ERROR] [2]: CssController handler class cannot be loaded

[Mon, 09 Apr 18 13:54:43 +0700][ERROR] [2]: FontsController handler class cannot be loaded

[Mon, 09 Apr 18 14:02:20 +0700][ERROR] [2]: CssController handler class cannot be loaded

[Mon, 09 Apr 18 14:02:20 +0700][ERROR] [2]: CssController handler class cannot be loaded

[Mon, 09 Apr 18 14:02:20 +0700][ERROR] [2]: FontsController handler class cannot be loaded

[Mon, 09 Apr 18 14:02:25 +0700][ERROR] [2]: CssController handler class cannot be loaded

[Mon, 09 Apr 18 14:02:25 +0700][ERROR] [2]: CssController handler class cannot be loaded

[Mon, 09 Apr 18 14:02:25 +0700][ERROR] [2]: FontsController handler class cannot be loaded

[Mon, 09 Apr 18 14:02:41 +0700][ERROR] [2]: CssController handler class cannot be loaded

[Mon, 09 Apr 18 14:02:41 +0700][ERROR] [2]: CssController handler class cannot be loaded

[Mon, 09 Apr 18 14:02:41 +0700][ERROR] [2]: FontsController handler class cannot be loaded

[Mon, 09 Apr 18 14:03:18 +0700][ERROR] [2]: CssController handler class cannot be loaded

[Mon, 09 Apr 18 14:03:18 +0700][ERROR] [2]: CssController handler class cannot be loaded

[Mon, 09 Apr 18 14:03:18 +0700][ERROR] [2]: FontsController handler class cannot be loaded

[Mon, 09 Apr 18 14:03:26 +0700][ERROR] [2]: CssController handler class cannot be loaded

[Mon, 09 Apr 18 14:03:26 +0700][ERROR] [2]: CssController handler class cannot be loaded

[Mon, 09 Apr 18 14:03:26 +0700][ERROR] [2]: FontsController handler class cannot be loaded

[Mon, 09 Apr 18 14:03:56 +0700][ERROR] [2]: CssController handler class cannot be loaded

[Mon, 09 Apr 18 14:03:56 +0700][ERROR] [2]: CssController handler class cannot be loaded

[Mon, 09 Apr 18 14:03:56 +0700][ERROR] [2]: FontsController handler class cannot be loaded

[Mon, 09 Apr 18 14:03:58 +0700][ERROR] [2]: CssController handler class cannot be loaded

[Mon, 09 Apr 18 14:03:58 +0700][ERROR] [2]: CssController handler class cannot be loaded

[Mon, 09 Apr 18 14:03:58 +0700][ERROR] [2]: FontsController handler class cannot be loaded

[Mon, 09 Apr 18 14:04:10 +0700][ERROR] [2]: CssController handler class cannot be loaded

[Mon, 09 Apr 18 14:04:10 +0700][ERROR] [2]: CssController handler class cannot be loaded

[Mon, 09 Apr 18 14:04:10 +0700][ERROR] [2]: FontsController handler class cannot be loaded

[Mon, 09 Apr 18 14:05:04 +0700][ERROR] [2]: CssController handler class cannot be loaded

[Mon, 09 Apr 18 14:05:04 +0700][ERROR] [2]: CssController handler class cannot be loaded

[Mon, 09 Apr 18 14:05:29 +0700][ERROR] [2]: CssController handler class cannot be loaded

[Mon, 09 Apr 18 14:05:29 +0700][ERROR] [2]: CssController handler class cannot be loaded

[Mon, 09 Apr 18 14:05:40 +0700][ERROR] [2]: CssController handler class cannot be loaded

[Mon, 09 Apr 18 14:05:40 +0700][ERROR] [2]: CssController handler class cannot be loaded

[Mon, 09 Apr 18 14:05:50 +0700][ERROR] [2]: CssController handler class cannot be loaded

[Mon, 09 Apr 18 14:05:50 +0700][ERROR] [2]: JsController handler class cannot be loaded

[Mon, 09 Apr 18 14:05:51 +0700][ERROR] [2]: ImgController handler class cannot be loaded

[Mon, 09 Apr 18 14:05:51 +0700][ERROR] [2]: CssController handler class cannot be loaded

[Mon, 09 Apr 18 14:06:10 +0700][ERROR] [2]: CssController handler class cannot be loaded

[Mon, 09 Apr 18 14:06:10 +0700][ERROR] [2]: ImgController handler class cannot be loaded

[Mon, 09 Apr 18 14:06:10 +0700][ERROR] [2]: CssController handler class cannot be loaded

[Mon, 09 Apr 18 14:06:23 +0700][ERROR] [2]: CssController handler class cannot be loaded

[Mon, 09 Apr 18 14:06:23 +0700][ERROR] [2]: CssController handler class cannot be loaded

[Mon, 09 Apr 18 14:07:25 +0700][ERROR] [2]: CssController handler class cannot be loaded

[Mon, 09 Apr 18 14:07:25 +0700][ERROR] [2]: CssController handler class cannot be loaded

[Mon, 09 Apr 18 14:07:27 +0700][ERROR] [2]: CssController handler class cannot be loaded

[Mon, 09 Apr 18 14:07:27 +0700][ERROR] [2]: CssController handler class cannot be loaded

[Mon, 09 Apr 18 14:07:33 +0700][ERROR] [2]: CssController handler class cannot be loaded

[Mon, 09 Apr 18 14:07:33 +0700][ERROR] [2]: CssController handler class cannot be loaded

[Mon, 09 Apr 18 14:08:42 +0700][ERROR] [2]: CssController handler class cannot be loaded

[Mon, 09 Apr 18 14:08:42 +0700][ERROR] [2]: JsController handler class cannot be loaded

[Mon, 09 Apr 18 14:08:42 +0700][ERROR] [2]: CssController handler class cannot be loaded

[Mon, 09 Apr 18 14:08:48 +0700][ERROR] [2]: CssController handler class cannot be loaded

[Mon, 09 Apr 18 14:08:48 +0700][ERROR] [2]: CssController handler class cannot be loaded

[Mon, 09 Apr 18 14:12:41 +0700][ERROR] [2]: CssController handler class cannot be loaded

[Mon, 09 Apr 18 14:12:41 +0700][ERROR] [2]: CssController handler class cannot be loaded

[Mon, 09 Apr 18 14:13:27 +0700][ERROR] [2]: CssController handler class cannot be loaded

[Mon, 09 Apr 18 14:13:27 +0700][ERROR] [2]: CssController handler class cannot be loaded

[Mon, 09 Apr 18 14:13:31 +0700][ERROR] [2]: JsController handler class cannot be loaded

[Mon, 09 Apr 18 14:13:31 +0700][ERROR] [2]: JsController handler class cannot be loaded

[Mon, 09 Apr 18 14:13:52 +0700][ERROR] [2]: CssController handler class cannot be loaded

[Mon, 09 Apr 18 14:13:52 +0700][ERROR] [2]: CssController handler class cannot be loaded

[Mon, 09 Apr 18 14:19:41 +0700][ERROR] [2]: CssController handler class cannot be loaded

[Mon, 09 Apr 18 14:19:41 +0700][ERROR] [2]: CssController handler class cannot be loaded

[Mon, 09 Apr 18 14:19:44 +0700][ERROR] [2]: CssController handler class cannot be loaded

[Mon, 09 Apr 18 14:19:44 +0700][ERROR] [2]: JsController handler class cannot be loaded

[Mon, 09 Apr 18 14:19:44 +0700][ERROR] [2]: CssController handler class cannot be loaded

[Mon, 09 Apr 18 14:20:34 +0700][ERROR] [2]: CssController handler class cannot be loaded

[Mon, 09 Apr 18 14:20:34 +0700][ERROR] [2]: JsController handler class cannot be loaded

[Mon, 09 Apr 18 14:20:34 +0700][ERROR] [2]: CssController handler class cannot be loaded

[Mon, 09 Apr 18 14:20:44 +0700][ERROR] [2]: CssController handler class cannot be loaded

[Mon, 09 Apr 18 14:20:44 +0700][ERROR] [2]: CssController handler class cannot be loaded

[Mon, 09 Apr 18 14:21:04 +0700][ERROR] [2]: CssController handler class cannot be loaded

[Mon, 09 Apr 18 14:21:04 +0700][ERROR] [2]: JsController handler class cannot be loaded

[Mon, 09 Apr 18 14:21:04 +0700][ERROR] [2]: CssController handler class cannot be loaded

[Mon, 09 Apr 18 14:21:46 +0700][ERROR] [2]: CssController handler class cannot be loaded

[Mon, 09 Apr 18 14:21:46 +0700][ERROR] [2]: CssController handler class cannot be loaded

[Mon, 09 Apr 18 14:22:16 +0700][ERROR] [2]: CssController handler class cannot be loaded

[Mon, 09 Apr 18 14:22:16 +0700][ERROR] [2]: CssController handler class cannot be loaded

[Mon, 09 Apr 18 14:22:39 +0700][ERROR] [2]: CssController handler class cannot be loaded

[Mon, 09 Apr 18 14:22:39 +0700][ERROR] [2]: CssController handler class cannot be loaded

[Mon, 09 Apr 18 14:22:51 +0700][ERROR] [2]: CssController handler class cannot be loaded

[Mon, 09 Apr 18 14:22:51 +0700][ERROR] [2]: JsController handler class cannot be loaded

[Mon, 09 Apr 18 14:22:51 +0700][ERROR] [2]: CssController handler class cannot be loaded

[Mon, 09 Apr 18 14:22:51 +0700][ERROR] [2]: JsController handler class cannot be loaded

[Mon, 09 Apr 18 14:23:05 +0700][ERROR] [2]: CssController handler class cannot be loaded

[Mon, 09 Apr 18 14:23:05 +0700][ERROR] [2]: CssController handler class cannot be loaded

[Mon, 09 Apr 18 14:23:25 +0700][ERROR] [2]: CssController handler class cannot be loaded

[Mon, 09 Apr 18 14:23:25 +0700][ERROR] [2]: CssController handler class cannot be loaded

[Mon, 09 Apr 18 14:23:42 +0700][ERROR] [2]: CssController handler class cannot be loaded

[Mon, 09 Apr 18 14:23:42 +0700][ERROR] [2]: CssController handler class cannot be loaded

[Mon, 09 Apr 18 14:24:02 +0700][ERROR] [2]: CssController handler class cannot be loaded

[Mon, 09 Apr 18 14:24:02 +0700][ERROR] [2]: CssController handler class cannot be loaded

[Mon, 09 Apr 18 14:24:18 +0700][ERROR] [2]: CssController handler class cannot be loaded

[Mon, 09 Apr 18 14:24:18 +0700][ERROR] [2]: CssController handler class cannot be loaded

[Mon, 09 Apr 18 14:24:34 +0700][ERROR] [2]: CssController handler class cannot be loaded

[Mon, 09 Apr 18 14:24:34 +0700][ERROR] [2]: JsController handler class cannot be loaded

[Mon, 09 Apr 18 14:24:34 +0700][ERROR] [2]: JsController handler class cannot be loaded

[Mon, 09 Apr 18 14:24:52 +0700][ERROR] [2]: CssController handler class cannot be loaded

[Mon, 09 Apr 18 14:24:52 +0700][ERROR] [2]: CssController handler class cannot be loaded

[Mon, 09 Apr 18 14:25:10 +0700][ERROR] [2]: CssController handler class cannot be loaded

[Mon, 09 Apr 18 14:25:10 +0700][ERROR] [2]: CssController handler class cannot be loaded

[Mon, 09 Apr 18 14:25:16 +0700][ERROR] [2]: CssController handler class cannot be loaded

[Mon, 09 Apr 18 14:25:16 +0700][ERROR] [2]: CssController handler class cannot be loaded

[Mon, 09 Apr 18 14:25:29 +0700][ERROR] [2]: CssController handler class cannot be loaded

[Mon, 09 Apr 18 14:25:29 +0700][ERROR] [2]: CssController handler class cannot be loaded

[Mon, 09 Apr 18 14:25:39 +0700][ERROR] [2]: CssController handler class cannot be loaded

[Mon, 09 Apr 18 14:25:39 +0700][ERROR] [2]: JsController handler class cannot be loaded

[Mon, 09 Apr 18 14:25:39 +0700][ERROR] [2]: CssController handler class cannot be loaded

[Mon, 09 Apr 18 14:25:49 +0700][ERROR] [2]: CssController handler class cannot be loaded

[Mon, 09 Apr 18 14:25:49 +0700][ERROR] [2]: JsController handler class cannot be loaded

[Mon, 09 Apr 18 14:25:49 +0700][ERROR] [2]: CssController handler class cannot be loaded

[Mon, 09 Apr 18 14:26:00 +0700][ERROR] [2]: CssController handler class cannot be loaded

[Mon, 09 Apr 18 14:26:00 +0700][ERROR] [2]: CssController handler class cannot be loaded

[Mon, 09 Apr 18 14:26:14 +0700][ERROR] [2]: CssController handler class cannot be loaded

[Mon, 09 Apr 18 14:26:14 +0700][ERROR] [2]: CssController handler class cannot be loaded

[Mon, 09 Apr 18 14:26:25 +0700][ERROR] [2]: CssController handler class cannot be loaded

[Mon, 09 Apr 18 14:26:25 +0700][ERROR] [2]: CssController handler class cannot be loaded

[Mon, 09 Apr 18 14:26:42 +0700][ERROR] [2]: JsController handler class cannot be loaded

[Mon, 09 Apr 18 14:26:42 +0700][ERROR] [2]: CssController handler class cannot be loaded

[Mon, 09 Apr 18 14:27:05 +0700][ERROR] [2]: CssController handler class cannot be loaded

[Mon, 09 Apr 18 14:27:05 +0700][ERROR] [2]: CssController handler class cannot be loaded

[Mon, 09 Apr 18 14:27:06 +0700][ERROR] [2]: CssController handler class cannot be loaded

[Mon, 09 Apr 18 14:27:06 +0700][ERROR] [2]: JsController handler class cannot be loaded

[Mon, 09 Apr 18 14:27:06 +0700][ERROR] [2]: CssController handler class cannot be loaded

[Mon, 09 Apr 18 14:27:18 +0700][ERROR] [2]: CssController handler class cannot be loaded

[Mon, 09 Apr 18 14:27:18 +0700][ERROR] [2]: CssController handler class cannot be loaded

[Mon, 09 Apr 18 14:27:20 +0700][ERROR] [2]: CssController handler class cannot be loaded

[Mon, 09 Apr 18 14:27:21 +0700][ERROR] [2]: CssController handler class cannot be loaded

[Mon, 09 Apr 18 14:27:28 +0700][ERROR] [2]: CssController handler class cannot be loaded

[Mon, 09 Apr 18 14:27:28 +0700][ERROR] [2]: CssController handler class cannot be loaded

[Mon, 09 Apr 18 14:28:49 +0700][ERROR] [2]: CssController handler class cannot be loaded

[Mon, 09 Apr 18 14:28:49 +0700][ERROR] [2]: JsController handler class cannot be loaded

[Mon, 09 Apr 18 14:28:49 +0700][ERROR] [2]: CssController handler class cannot be loaded

[Mon, 09 Apr 18 14:29:11 +0700][ERROR] [2]: CssController handler class cannot be loaded

[Mon, 09 Apr 18 14:29:11 +0700][ERROR] [2]: JsController handler class cannot be loaded

[Mon, 09 Apr 18 14:29:11 +0700][ERROR] [2]: CssController handler class cannot be loaded

[Mon, 09 Apr 18 14:29:21 +0700][ERROR] [2]: CssController handler class cannot be loaded

[Mon, 09 Apr 18 14:29:21 +0700][ERROR] [2]: JsController handler class cannot be loaded

[Mon, 09 Apr 18 14:29:21 +0700][ERROR] [2]: JsController handler class cannot be loaded

[Mon, 09 Apr 18 14:29:37 +0700][ERROR] [2]: JsController handler class cannot be loaded

[Mon, 09 Apr 18 14:29:37 +0700][ERROR] [2]: CssController handler class cannot be loaded

[Mon, 09 Apr 18 14:29:59 +0700][ERROR] [2]: JsController handler class cannot be loaded

[Mon, 09 Apr 18 14:29:59 +0700][ERROR] [2]: CssController handler class cannot be loaded

[Mon, 09 Apr 18 14:29:59 +0700][ERROR] [2]: CssController handler class cannot be loaded

[Mon, 09 Apr 18 14:30:02 +0700][ERROR] [2]: CssController handler class cannot be loaded

[Mon, 09 Apr 18 14:30:02 +0700][ERROR] [2]: CssController handler class cannot be loaded

[Mon, 09 Apr 18 14:30:14 +0700][ERROR] [2]: CssController handler class cannot be loaded

[Mon, 09 Apr 18 14:30:14 +0700][ERROR] [2]: CssController handler class cannot be loaded

[Mon, 09 Apr 18 14:30:16 +0700][ERROR] [2]: CssController handler class cannot be loaded

[Mon, 09 Apr 18 14:30:36 +0700][ERROR] [2]: CssController handler class cannot be loaded

[Mon, 09 Apr 18 14:30:36 +0700][ERROR] [2]: JsController handler class cannot be loaded

[Mon, 09 Apr 18 14:30:36 +0700][ERROR] [2]: CssController handler class cannot be loaded

[Mon, 09 Apr 18 14:30:52 +0700][ERROR] [2]: CssController handler class cannot be loaded

[Mon, 09 Apr 18 14:30:52 +0700][ERROR] [2]: CssController handler class cannot be loaded

[Mon, 09 Apr 18 14:31:03 +0700][ERROR] [2]: CssController handler class cannot be loaded

[Mon, 09 Apr 18 14:31:03 +0700][ERROR] [2]: CssController handler class cannot be loaded

[Mon, 09 Apr 18 14:31:06 +0700][ERROR] [2]: CssController handler class cannot be loaded

[Mon, 09 Apr 18 14:31:06 +0700][ERROR] [2]: CssController handler class cannot be loaded

[Mon, 09 Apr 18 14:32:27 +0700][ERROR] [2]: CssController handler class cannot be loaded

[Mon, 09 Apr 18 14:32:27 +0700][ERROR] [2]: CssController handler class cannot be loaded

[Mon, 09 Apr 18 14:33:02 +0700][ERROR] [2]: CssController handler class cannot be loaded

[Mon, 09 Apr 18 14:33:02 +0700][ERROR] [2]: CssController handler class cannot be loaded

[Mon, 09 Apr 18 14:33:03 +0700][ERROR] [2]: CssController handler class cannot be loaded

[Mon, 09 Apr 18 14:33:03 +0700][ERROR] [2]: CssController handler class cannot be loaded

[Mon, 09 Apr 18 14:33:04 +0700][ERROR] [2]: CssController handler class cannot be loaded

[Mon, 09 Apr 18 14:33:04 +0700][ERROR] [2]: CssController handler class cannot be loaded

[Mon, 09 Apr 18 14:34:21 +0700][ERROR] [2]: CssController handler class cannot be loaded

[Mon, 09 Apr 18 14:34:21 +0700][ERROR] [2]: CssController handler class cannot be loaded

[Mon, 09 Apr 18 14:34:48 +0700][ERROR] [2]: CssController handler class cannot be loaded

[Mon, 09 Apr 18 14:34:48 +0700][ERROR] [2]: CssController handler class cannot be loaded

[Mon, 09 Apr 18 14:36:07 +0700][ERROR] [5]: Action 'authen' was not found on handler 'event'

[Mon, 09 Apr 18 14:36:08 +0700][ERROR] [5]: Action 'authen' was not found on handler 'event'

[Mon, 09 Apr 18 14:36:09 +0700][ERROR] [5]: Action 'authen' was not found on handler 'event'

[Mon, 09 Apr 18 14:36:09 +0700][ERROR] [5]: Action 'authen' was not found on handler 'event'

[Mon, 09 Apr 18 14:36:17 +0700][ERROR] [2]: CssController handler class cannot be loaded

[Mon, 09 Apr 18 14:36:17 +0700][ERROR] [2]: CssController handler class cannot be loaded

[Mon, 09 Apr 18 14:36:18 +0700][ERROR] [2]: CssController handler class cannot be loaded

[Mon, 09 Apr 18 14:36:18 +0700][ERROR] [2]: CssController handler class cannot be loaded

[Mon, 09 Apr 18 14:36:40 +0700][ERROR] [2]: CssController handler class cannot be loaded

[Mon, 09 Apr 18 14:36:40 +0700][ERROR] [2]: CssController handler class cannot be loaded

[Mon, 09 Apr 18 14:37:15 +0700][ERROR] [2]: CssController handler class cannot be loaded

[Mon, 09 Apr 18 14:37:15 +0700][ERROR] [2]: CssController handler class cannot be loaded

[Mon, 09 Apr 18 14:39:30 +0700][ERROR] [2]: CssController handler class cannot be loaded

[Mon, 09 Apr 18 14:39:30 +0700][ERROR] [2]: JsController handler class cannot be loaded

[Mon, 09 Apr 18 14:39:30 +0700][ERROR] [2]: CssController handler class cannot be loaded

[Mon, 09 Apr 18 14:39:57 +0700][ERROR] [2]: CssController handler class cannot be loaded

[Mon, 09 Apr 18 14:39:57 +0700][ERROR] [2]: JsController handler class cannot be loaded

[Mon, 09 Apr 18 14:39:57 +0700][ERROR] [2]: CssController handler class cannot be loaded

[Mon, 09 Apr 18 14:40:09 +0700][ERROR] [2]: CssController handler class cannot be loaded

[Mon, 09 Apr 18 14:40:09 +0700][ERROR] [2]: JsController handler class cannot be loaded

[Mon, 09 Apr 18 14:40:09 +0700][ERROR] [2]: CssController handler class cannot be loaded

[Mon, 09 Apr 18 14:41:54 +0700][ERROR] [2]: CssController handler class cannot be loaded

[Mon, 09 Apr 18 14:41:54 +0700][ERROR] [2]: CssController handler class cannot be loaded

[Mon, 09 Apr 18 14:42:24 +0700][ERROR] [2]: CssController handler class cannot be loaded

[Mon, 09 Apr 18 14:42:24 +0700][ERROR] [2]: CssController handler class cannot be loaded

[Mon, 09 Apr 18 14:43:47 +0700][ERROR] [2]: CssController handler class cannot be loaded

[Mon, 09 Apr 18 14:43:58 +0700][ERROR] [2]: JsController handler class cannot be loaded

[Mon, 09 Apr 18 14:43:58 +0700][ERROR] [2]: JsController handler class cannot be loaded

[Mon, 09 Apr 18 14:44:07 +0700][ERROR] [2]: CssController handler class cannot be loaded

[Mon, 09 Apr 18 14:44:07 +0700][ERROR] [2]: JsController handler class cannot be loaded

[Mon, 09 Apr 18 14:44:07 +0700][ERROR] [2]: CssController handler class cannot be loaded

[Mon, 09 Apr 18 14:47:25 +0700][ERROR] [2]: CssController handler class cannot be loaded

[Mon, 09 Apr 18 14:47:25 +0700][ERROR] [2]: JsController handler class cannot be loaded

[Mon, 09 Apr 18 14:47:25 +0700][ERROR] [2]: CssController handler class cannot be loaded

[Mon, 09 Apr 18 14:47:48 +0700][ERROR] [2]: CssController handler class cannot be loaded

[Mon, 09 Apr 18 14:47:48 +0700][ERROR] [2]: CssController handler class cannot be loaded

[Mon, 09 Apr 18 14:47:58 +0700][ERROR] [2]: CssController handler class cannot be loaded

[Mon, 09 Apr 18 14:47:58 +0700][ERROR] [2]: CssController handler class cannot be loaded

[Mon, 09 Apr 18 14:48:06 +0700][ERROR] [2]: CssController handler class cannot be loaded

[Mon, 09 Apr 18 14:48:06 +0700][ERROR] [2]: JsController handler class cannot be loaded

[Mon, 09 Apr 18 14:48:06 +0700][ERROR] [2]: CssController handler class cannot be loaded

[Mon, 09 Apr 18 14:48:19 +0700][ERROR] [2]: CssController handler class cannot be loaded

[Mon, 09 Apr 18 14:48:19 +0700][ERROR] [2]: CssController handler class cannot be loaded

[Mon, 09 Apr 18 14:48:40 +0700][ERROR] [2]: CssController handler class cannot be loaded

[Mon, 09 Apr 18 14:48:40 +0700][ERROR] [2]: CssController handler class cannot be loaded

[Mon, 09 Apr 18 14:48:53 +0700][ERROR] [2]: CssController handler class cannot be loaded

[Mon, 09 Apr 18 14:48:53 +0700][ERROR] [2]: JsController handler class cannot be loaded

[Mon, 09 Apr 18 14:48:53 +0700][ERROR] [2]: CssController handler class cannot be loaded

[Mon, 09 Apr 18 14:49:02 +0700][ERROR] [2]: CssController handler class cannot be loaded

[Mon, 09 Apr 18 14:49:03 +0700][ERROR] [2]: CssController handler class cannot be loaded

[Mon, 09 Apr 18 14:49:11 +0700][ERROR] [2]: CssController handler class cannot be loaded

[Mon, 09 Apr 18 14:49:11 +0700][ERROR] [2]: JsController handler class cannot be loaded

[Mon, 09 Apr 18 14:49:11 +0700][ERROR] [2]: JsController handler class cannot be loaded

